0 info it worked if it ends with ok
1 verbose cli [ 'node', '/usr/local/bin/npm', 'install', '-g', 'coffee-script' ]
2 info using npm@1.4.28
3 info using node@v0.10.36
4 verbose cache add [ 'coffee-script', null ]
5 verbose cache add name=undefined spec="coffee-script" args=["coffee-script",null]
6 verbose parsed url { protocol: null,
6 verbose parsed url   slashes: null,
6 verbose parsed url   auth: null,
6 verbose parsed url   host: null,
6 verbose parsed url   port: null,
6 verbose parsed url   hostname: null,
6 verbose parsed url   hash: null,
6 verbose parsed url   search: null,
6 verbose parsed url   query: null,
6 verbose parsed url   pathname: 'coffee-script',
6 verbose parsed url   path: 'coffee-script',
6 verbose parsed url   href: 'coffee-script' }
7 silly lockFile ab358269-coffee-script coffee-script
8 verbose lock coffee-script /Users/haichuanyu/.npm/ab358269-coffee-script.lock
9 silly lockFile ab358269-coffee-script coffee-script
10 silly lockFile ab358269-coffee-script coffee-script
11 verbose addNamed [ 'coffee-script', '' ]
12 verbose addNamed [ null, '*' ]
13 silly lockFile 53951495-coffee-script coffee-script@
14 verbose lock coffee-script@ /Users/haichuanyu/.npm/53951495-coffee-script.lock
15 silly addNameRange { name: 'coffee-script', range: '*', hasData: false }
16 verbose request where is /coffee-script
17 verbose request registry https://registry.npmjs.org/
18 verbose request id e180bacb900035cb
19 verbose url raw /coffee-script
20 verbose url resolving [ 'https://registry.npmjs.org/', './coffee-script' ]
21 verbose url resolved https://registry.npmjs.org/coffee-script
22 verbose request where is https://registry.npmjs.org/coffee-script
23 info trying registry request attempt 1 at 21:43:21
24 verbose etag "8DE13CQLX0S8S5I23WNBHE8B8"
25 http GET https://registry.npmjs.org/coffee-script
26 http 200 https://registry.npmjs.org/coffee-script
27 silly registry.get cb [ 200,
27 silly registry.get   { date: 'Thu, 05 Feb 2015 05:43:21 GMT',
27 silly registry.get     server: 'CouchDB/1.5.0 (Erlang OTP/R16B03)',
27 silly registry.get     etag: '"5P56TOJIWDBOBZXE2B3GTCO1V"',
27 silly registry.get     'content-type': 'application/json',
27 silly registry.get     'cache-control': 'max-age=60',
27 silly registry.get     'content-length': '34433',
27 silly registry.get     'accept-ranges': 'bytes',
27 silly registry.get     via: '1.1 varnish',
27 silly registry.get     age: '46',
27 silly registry.get     'x-served-by': 'cache-lax1434-LAX',
27 silly registry.get     'x-cache': 'HIT',
27 silly registry.get     'x-cache-hits': '1',
27 silly registry.get     'x-timer': 'S1423115001.321994,VS0,VE0',
27 silly registry.get     vary: 'Accept',
27 silly registry.get     'keep-alive': 'timeout=10, max=50',
27 silly registry.get     connection: 'Keep-Alive' } ]
28 silly addNameRange number 2 { name: 'coffee-script', range: '*', hasData: true }
29 silly addNameRange versions [ 'coffee-script',
29 silly addNameRange   [ '0.7.0',
29 silly addNameRange     '0.7.1',
29 silly addNameRange     '0.7.2',
29 silly addNameRange     '0.9.0',
29 silly addNameRange     '0.9.1',
29 silly addNameRange     '0.9.2',
29 silly addNameRange     '0.9.3',
29 silly addNameRange     '0.9.4',
29 silly addNameRange     '0.9.5',
29 silly addNameRange     '0.9.6',
29 silly addNameRange     '1.0.0',
29 silly addNameRange     '1.0.1',
29 silly addNameRange     '1.1.0',
29 silly addNameRange     '1.1.1',
29 silly addNameRange     '1.1.2',
29 silly addNameRange     '1.1.3',
29 silly addNameRange     '1.2.0',
29 silly addNameRange     '1.3.0',
29 silly addNameRange     '1.3.1',
29 silly addNameRange     '1.3.2',
29 silly addNameRange     '1.3.3',
29 silly addNameRange     '1.4.0',
29 silly addNameRange     '1.5.0',
29 silly addNameRange     '1.6.0',
29 silly addNameRange     '1.6.1',
29 silly addNameRange     '1.6.2',
29 silly addNameRange     '1.6.3',
29 silly addNameRange     '1.7.0',
29 silly addNameRange     '1.7.1',
29 silly addNameRange     '1.8.0',
29 silly addNameRange     '1.9.0' ] ]
30 verbose addNamed [ 'coffee-script', '1.9.0' ]
31 verbose addNamed [ '1.9.0', '1.9.0' ]
32 silly lockFile 479ea950-coffee-script-1-9-0 coffee-script@1.9.0
33 verbose lock coffee-script@1.9.0 /Users/haichuanyu/.npm/479ea950-coffee-script-1-9-0.lock
34 silly lockFile fcdf0751-e-script-coffee-script-1-9-0-tgz https://registry.npmjs.org/coffee-script/-/coffee-script-1.9.0.tgz
35 verbose lock https://registry.npmjs.org/coffee-script/-/coffee-script-1.9.0.tgz /Users/haichuanyu/.npm/fcdf0751-e-script-coffee-script-1-9-0-tgz.lock
36 verbose addRemoteTarball [ 'https://registry.npmjs.org/coffee-script/-/coffee-script-1.9.0.tgz',
36 verbose addRemoteTarball   '7492cbbc3f0361cc5d8865aff7237552ff33e1f7' ]
37 info retry fetch attempt 1 at 21:43:21
38 verbose fetch to= /var/folders/j2/btf151y13815tzxwkvk3pv6h0000gn/T/npm-33174-KB_tFYIq/registry.npmjs.org/coffee-script/-/coffee-script-1.9.0.tgz
39 http GET https://registry.npmjs.org/coffee-script/-/coffee-script-1.9.0.tgz
40 http 200 https://registry.npmjs.org/coffee-script/-/coffee-script-1.9.0.tgz
41 silly lockFile fcdf0751-e-script-coffee-script-1-9-0-tgz https://registry.npmjs.org/coffee-script/-/coffee-script-1.9.0.tgz
42 silly lockFile fcdf0751-e-script-coffee-script-1-9-0-tgz https://registry.npmjs.org/coffee-script/-/coffee-script-1.9.0.tgz
43 silly lockFile 479ea950-coffee-script-1-9-0 coffee-script@1.9.0
44 silly lockFile 479ea950-coffee-script-1-9-0 coffee-script@1.9.0
45 silly lockFile 53951495-coffee-script coffee-script@
46 silly lockFile 53951495-coffee-script coffee-script@
47 error Error: EACCES, mkdir '/Users/haichuanyu/.npm/coffee-script/1.9.0'
47 error  { [Error: EACCES, mkdir '/Users/haichuanyu/.npm/coffee-script/1.9.0']
47 error   errno: 3,
47 error   code: 'EACCES',
47 error   path: '/Users/haichuanyu/.npm/coffee-script/1.9.0' }
48 error Please try running this command again as root/Administrator.
49 error System Darwin 14.0.0
50 error command "node" "/usr/local/bin/npm" "install" "-g" "coffee-script"
51 error cwd /Users/haichuanyu/Documents/Research/Github/ode-tutorial2
52 error node -v v0.10.36
53 error npm -v 1.4.28
54 error path /Users/haichuanyu/.npm/coffee-script/1.9.0
55 error code EACCES
56 error errno 3
57 error stack Error: EACCES, mkdir '/Users/haichuanyu/.npm/coffee-script/1.9.0'
58 verbose exit [ 3, true ]
